<?xml version="1.0" encoding="UTF-8"?>
<testng-results ignored="0" total="5" passed="5" failed="0" skipped="0">
  <reporter-output>
  </reporter-output>
  <suite started-at="2024-06-27T17:39:56 EDT" name="Default suite" finished-at="2024-06-27T17:40:22 EDT" duration-ms="25416">
    <groups>
      <group name="cucumber">
        <method signature="AbstractTestNGCucumberTests.runScenario(io.cucumber.testng.PickleWrapper,io.cucumber.testng.FeatureWrapper)[pri:0, instance:com.tests.runners.Runners@3a7442c7]" name="runScenario" class="io.cucumber.testng.AbstractTestNGCucumberTests"/>
      </group> <!-- cucumber -->
    </groups>
    <test started-at="2024-06-27T17:39:56 EDT" name="Default test" finished-at="2024-06-27T17:40:22 EDT" duration-ms="25416">
      <class name="com.tests.runners.Runners">
        <test-method is-config="true" signature="setUpClass(org.testng.ITestContext)[pri:0, instance:com.tests.runners.Runners@3a7442c7]" started-at="2024-06-27T17:39:56 EDT" name="setUpClass" finished-at="2024-06-27T17:39:57 EDT" duration-ms="273" status="PASS">
          <params>
            <param index="0">
              <value>
                <![CDATA[org.testng.TestRunner@7a65a360]]>
              </value>
            </param>
          </params>
          <reporter-output>
          </reporter-output>
        </test-method> <!-- setUpClass -->
        <test-method signature="runScenario(io.cucumber.testng.PickleWrapper,io.cucumber.testng.FeatureWrapper)[pri:0, instance:com.tests.runners.Runners@3a7442c7]" started-at="2024-06-27T17:39:57 EDT" name="runScenario" description="Runs Cucumber Scenarios" data-provider="scenarios" finished-at="2024-06-27T17:40:01 EDT" duration-ms="4201" status="PASS">
          <params>
            <param index="0">
              <value>
                <![CDATA["Check Login Error Msg"]]>
              </value>
            </param>
            <param index="1">
              <value>
                <![CDATA["implementing login"]]>
              </value>
            </param>
          </params>
          <reporter-output>
          </reporter-output>
        </test-method> <!-- runScenario -->
        <test-method signature="runScenario(io.cucumber.testng.PickleWrapper,io.cucumber.testng.FeatureWrapper)[pri:0, instance:com.tests.runners.Runners@3a7442c7]" started-at="2024-06-27T17:40:01 EDT" name="runScenario" description="Runs Cucumber Scenarios" data-provider="scenarios" finished-at="2024-06-27T17:40:05 EDT" duration-ms="3692" status="PASS">
          <params>
            <param index="0">
              <value>
                <![CDATA["login using correct Username and password"]]>
              </value>
            </param>
            <param index="1">
              <value>
                <![CDATA["implementing login"]]>
              </value>
            </param>
          </params>
          <reporter-output>
          </reporter-output>
        </test-method> <!-- runScenario -->
        <test-method signature="runScenario(io.cucumber.testng.PickleWrapper,io.cucumber.testng.FeatureWrapper)[pri:0, instance:com.tests.runners.Runners@3a7442c7]" started-at="2024-06-27T17:40:05 EDT" name="runScenario" description="Runs Cucumber Scenarios" data-provider="scenarios" finished-at="2024-06-27T17:40:15 EDT" duration-ms="10335" status="PASS">
          <params>
            <param index="0">
              <value>
                <![CDATA["Test the remember me username checkbox"]]>
              </value>
            </param>
            <param index="1">
              <value>
                <![CDATA["implementing login"]]>
              </value>
            </param>
          </params>
          <reporter-output>
          </reporter-output>
        </test-method> <!-- runScenario -->
        <test-method signature="runScenario(io.cucumber.testng.PickleWrapper,io.cucumber.testng.FeatureWrapper)[pri:0, instance:com.tests.runners.Runners@3a7442c7]" started-at="2024-06-27T17:40:15 EDT" name="runScenario" description="Runs Cucumber Scenarios" data-provider="scenarios" finished-at="2024-06-27T17:40:18 EDT" duration-ms="3427" status="PASS">
          <params>
            <param index="0">
              <value>
                <![CDATA["Test Forgotpassword"]]>
              </value>
            </param>
            <param index="1">
              <value>
                <![CDATA["implementing login"]]>
              </value>
            </param>
          </params>
          <reporter-output>
          </reporter-output>
        </test-method> <!-- runScenario -->
        <test-method signature="runScenario(io.cucumber.testng.PickleWrapper,io.cucumber.testng.FeatureWrapper)[pri:0, instance:com.tests.runners.Runners@3a7442c7]" started-at="2024-06-27T17:40:18 EDT" name="runScenario" description="Runs Cucumber Scenarios" data-provider="scenarios" finished-at="2024-06-27T17:40:22 EDT" duration-ms="3407" status="PASS">
          <params>
            <param index="0">
              <value>
                <![CDATA["login using incorrect username and password"]]>
              </value>
            </param>
            <param index="1">
              <value>
                <![CDATA["implementing login"]]>
              </value>
            </param>
          </params>
          <reporter-output>
          </reporter-output>
        </test-method> <!-- runScenario -->
        <test-method is-config="true" signature="tearDownClass()[pri:0, instance:com.tests.runners.Runners@3a7442c7]" started-at="2024-06-27T17:40:22 EDT" name="tearDownClass" finished-at="2024-06-27T17:40:22 EDT" duration-ms="0" status="PASS">
          <reporter-output>
          </reporter-output>
        </test-method> <!-- tearDownClass -->
      </class> <!-- com.tests.runners.Runners -->
    </test> <!-- Default test -->
  </suite> <!-- Default suite -->
</testng-results>
